<?xml version="1.0" encoding="UTF-8"?>
<!-- Generated by org.testng.reporters.JUnitReportReporter -->
<testsuite skipped="0" hostname="LAPTOP-B06QBC23" name="Test.CareerListTest" tests="1" failures="0" timestamp="2022-05-22T20:26:09 EET" time="35.413" errors="0">
  <testcase name="CareersSofia" time="35.413" classname="Test.CareerListTest"/>
  <system-out/>
</testsuite> <!-- Test.CareerListTest -->
