<?xml version="1.0" encoding="UTF-8"?>
<!-- Generated by org.testng.reporters.JUnitReportReporter -->
<testsuite skipped="0" hostname="LAPTOP-B06QBC23" name="Test.Readata" tests="1" failures="0" timestamp="2022-05-22T20:26:09 EET" time="0.601" errors="0">
  <testcase name="readdata" time="0.601" classname="Test.Readata"/>
  <system-out/>
</testsuite> <!-- Test.Readata -->
