<?xml version="1.0" encoding="UTF-8"?>
<!-- Generated by org.testng.reporters.JUnitReportReporter -->
<testsuite skipped="0" hostname="LAPTOP-B06QBC23" name="Test.CompanyTest" tests="1" failures="0" timestamp="2022-05-22T20:26:09 EET" time="36.429" errors="0">
  <testcase name="leadersection" time="36.429" classname="Test.CompanyTest"/>
  <system-out/>
</testsuite> <!-- Test.CompanyTest -->
