<?xml version="1.0" encoding="UTF-8"?>
<!-- Generated by org.testng.reporters.JUnitReportReporter -->
<testsuite skipped="0" hostname="LAPTOP-B06QBC23" name="Test.CareerTest" tests="1" failures="0" timestamp="2022-05-22T20:26:09 EET" time="54.312" errors="0">
  <testcase name="Careers" time="54.312" classname="Test.CareerTest"/>
  <system-out/>
</testsuite> <!-- Test.CareerTest -->
